2016-09-28 10:56:56.701 (140278456284928): pid=2515----------------------------------
2016-09-28 10:56:56.701 (140278456284928): Curl global initialization
2016-09-28 10:56:56.706 (140278456284928): Connecting: https://10az.online.tableau.com
2016-09-28 10:56:56.706 (140278456284928): Username  : samuelalexanderg@gmail.com
2016-09-28 10:56:56.706 (140278456284928): Site ID   : palmtree
2016-09-28 10:56:57.327 (140278456284928): Curl Error:
2016-09-28 10:56:57.327 (140278456284928): Problem with the SSL CA cert (path? access rights?)
2016-09-28 11:08:20.099 (139712050484992): pid=3595----------------------------------
2016-09-28 11:08:20.099 (139712050484992): Curl global initialization
2016-09-28 11:08:20.102 (139712050484992): Connecting: https://10az.online.tableau.com
2016-09-28 11:08:20.102 (139712050484992): Username  : samuelalexanderg@gmail.com
2016-09-28 11:08:20.102 (139712050484992): Site ID   : palmtree
2016-09-28 11:08:20.619 (139712050484992): Curl Error:
2016-09-28 11:08:20.619 (139712050484992): Problem with the SSL CA cert (path? access rights?)
2016-09-28 17:36:44.045 (140224365971200): pid=8794----------------------------------
2016-09-28 17:36:44.045 (140224365971200): Curl global initialization
2016-09-28 17:36:44.049 (140224365971200): Connecting: https://192.168.2.4:4040
2016-09-28 17:36:44.049 (140224365971200): Username  : admin
2016-09-28 17:36:44.049 (140224365971200): Site ID   : palmtree
2016-09-28 17:36:44.294 (140224365971200): Curl Error:
2016-09-28 17:36:44.294 (140224365971200): Problem with the SSL CA cert (path? access rights?)
2016-09-28 17:36:51.792 (140043059496704): pid=8830----------------------------------
2016-09-28 17:36:51.792 (140043059496704): Curl global initialization
2016-09-28 17:36:51.795 (140043059496704): Connecting: http://192.168.2.4:4040
2016-09-28 17:36:51.796 (140043059496704): Username  : admin
2016-09-28 17:36:51.796 (140043059496704): Site ID   : palmtree
2016-09-28 17:36:52.191 (140043059496704): Querying projects...
2016-09-28 17:36:52.233 (140041571297024): Disconnecting: http://192.168.2.4:4040
2016-09-28 17:39:54.046 (140486242522880): pid=9113----------------------------------
2016-09-28 17:39:54.046 (140486242522880): Curl global initialization
2016-09-28 17:39:54.049 (140486242522880): Connecting: http://192.168.2.4:4040
2016-09-28 17:39:54.049 (140486242522880): Username  : admin
2016-09-28 17:39:54.049 (140486242522880): Site ID   : palmtree
2016-09-28 17:39:54.467 (140486242522880): Querying projects...
2016-09-28 17:39:54.521 (140486242522880): Publishing extract: sample-tde.tde
2016-09-28 17:39:54.521 (140486242522880): Project name      : test
2016-09-28 17:39:54.521 (140486242522880): Data source name  : SampleDataLinux
2016-09-28 17:39:55.397 (140486242522880): Disconnecting: http://192.168.2.4:4040
2016-09-28 17:39:55.478 (140486242522880): Curl global cleanup
2016-10-12 14:01:39.030 (140006435800832): pid=16045----------------------------------
2016-10-12 14:01:39.030 (140006435800832): Curl global initialization
2016-10-12 14:01:39.033 (140006435800832): Connecting: http://192.168.2.17:3030
2016-10-12 14:01:39.033 (140006435800832): Username  : mathan
2016-10-12 14:01:39.033 (140006435800832): Site ID   : palmtree
2016-10-12 14:01:39.297 (140005734414080): Disconnecting: http://192.168.2.17:3030
2016-10-12 14:02:41.202 (140519078504192): pid=16107----------------------------------
2016-10-12 14:02:41.202 (140519078504192): Curl global initialization
2016-10-12 14:02:41.205 (140519078504192): Connecting: http://192.168.2.17:3030
2016-10-12 14:02:41.205 (140519078504192): Username  : mathan
2016-10-12 14:02:41.205 (140519078504192): Site ID   : palmtree
2016-10-12 14:02:42.035 (140519078504192): Querying projects...
2016-10-12 14:02:42.295 (140518379423488): Disconnecting: http://192.168.2.17:3030
2016-10-12 14:03:05.921 (139813670463232): pid=16145----------------------------------
2016-10-12 14:03:05.922 (139813670463232): Curl global initialization
2016-10-12 14:03:05.925 (139813670463232): Connecting: http://192.168.2.17:3030
2016-10-12 14:03:05.925 (139813670463232): Username  : mathan
2016-10-12 14:03:05.925 (139813670463232): Site ID   : palmtree
2016-10-12 14:03:06.138 (139813670463232): Querying projects...
2016-10-12 14:03:06.174 (139813670463232): Publishing extract: SampleData123.tde
2016-10-12 14:03:06.174 (139813670463232): Project name      : myproject
2016-10-12 14:03:06.174 (139813670463232): Data source name  : SampleData123
2016-10-12 14:03:07.621 (139813670463232): Disconnecting: http://192.168.2.17:3030
2016-10-12 14:03:07.622 (139813670463232): Curl global cleanup
2016-10-12 14:07:18.180 (140421129266944): pid=16367----------------------------------
2016-10-12 14:07:18.180 (140421129266944): Curl global initialization
2016-10-12 14:07:18.186 (140421129266944): Connecting: http://192.168.2.17:3030
2016-10-12 14:07:18.186 (140421129266944): Username  : mathan
2016-10-12 14:07:18.186 (140421129266944): Site ID   : palmtree
2016-10-12 14:07:18.349 (140421129266944): Querying projects...
2016-10-12 14:07:18.383 (140421129266944): Publishing extract: SampleData123.tde
2016-10-12 14:07:18.383 (140421129266944): Project name      : myproject
2016-10-12 14:07:18.383 (140421129266944): Data source name  : SampleData123
2016-10-12 14:07:19.377 (140421129266944): Disconnecting: http://192.168.2.17:3030
2016-10-12 14:07:19.378 (140421129266944): Curl global cleanup
2016-10-12 14:07:44.324 (139976392537856): pid=16435----------------------------------
2016-10-12 14:07:44.324 (139976392537856): Curl global initialization
2016-10-12 14:07:44.327 (139976392537856): Connecting: http://192.168.2.17:3030
2016-10-12 14:07:44.327 (139976392537856): Username  : mathan
2016-10-12 14:07:44.327 (139976392537856): Site ID   : palmtree
2016-10-12 14:07:44.436 (139976392537856): Querying projects...
2016-10-12 14:07:44.494 (139976392537856): Publishing extract: SampleData123.tde
2016-10-12 14:07:44.494 (139976392537856): Project name      : myproject
2016-10-12 14:07:44.494 (139976392537856): Data source name  : SampleData123
2016-10-12 14:07:45.258 (139976392537856): Disconnecting: http://192.168.2.17:3030
2016-10-12 14:07:45.259 (139976392537856): Curl global cleanup
2016-10-12 14:16:18.992 (139897522886400): pid=16709----------------------------------
2016-10-12 14:16:18.992 (139897522886400): Curl global initialization
2016-10-12 14:16:18.995 (139897522886400): Connecting: http://192.168.2.17:3030
2016-10-12 14:16:18.996 (139897522886400): Username  : mathan
2016-10-12 14:16:18.996 (139897522886400): Site ID   : palmtree
2016-10-12 14:16:19.295 (139897522886400): Querying projects...
2016-10-12 14:16:19.339 (139897522886400): Publishing extract: SampleData123.tde
2016-10-12 14:16:19.339 (139897522886400): Project name      : myproject
2016-10-12 14:16:19.339 (139897522886400): Data source name  : SampleData123
2016-10-12 14:16:19.564 (139897522886400): Server Response Code: 403
2016-10-12 14:16:19.564 (139897522886400): Response:
2016-10-12 14:16:19.564 (139897522886400): <?xml version='1.0' encoding='UTF-8'?><tsResponse xmlns="http://tableausoftware.com/api" xmlns:xsi="http://www.w3.org/2001/XMLSchema-instance" xsi:schemaLocation="http://tableausoftware.com/api http://tableausoftware.com/api/ts-api-2.0.3.xsd"><error code="403007"><summary>Forbidden</summary><detail>The datasource 'SampleData123' already exists and may not be overwritten without the 'overwrite' flag set to 'true'.</detail></error></tsResponse>
2016-10-12 14:16:19.568 (139897085327104): Disconnecting: http://192.168.2.17:3030
2016-10-12 14:18:36.243 (140217294051072): pid=16835----------------------------------
2016-10-12 14:18:36.243 (140217294051072): Curl global initialization
2016-10-12 14:18:36.246 (140217294051072): Connecting: http://192.168.2.17:3030
2016-10-12 14:18:36.246 (140217294051072): Username  : mathan
2016-10-12 14:18:36.246 (140217294051072): Site ID   : palmtree
2016-10-12 14:18:36.594 (140217294051072): Querying projects...
2016-10-12 14:18:36.637 (140217294051072): Publishing extract: SampleData100.tde
2016-10-12 14:18:36.637 (140217294051072): Project name      : myproject
2016-10-12 14:18:36.637 (140217294051072): Data source name  : SampleData100
2016-10-12 14:18:37.502 (140217294051072): Disconnecting: http://192.168.2.17:3030
2016-10-12 14:18:37.503 (140217294051072): Curl global cleanup
2016-10-12 14:19:27.759 (139964661708544): pid=16887----------------------------------
2016-10-12 14:19:27.759 (139964661708544): Curl global initialization
2016-10-12 14:19:27.762 (139964661708544): Connecting: http://192.168.2.17:3030
2016-10-12 14:19:27.762 (139964661708544): Username  : mathan
2016-10-12 14:19:27.762 (139964661708544): Site ID   : palmtree
2016-10-12 14:19:27.941 (139964661708544): Querying projects...
2016-10-12 14:19:27.988 (139964661708544): Publishing extract: SampleData100.tde
2016-10-12 14:19:27.988 (139964661708544): Project name      : myproject
2016-10-12 14:19:27.988 (139964661708544): Data source name  : SampleData100
2016-10-12 14:19:29.203 (139964661708544): Disconnecting: http://192.168.2.17:3030
2016-10-12 14:19:29.204 (139964661708544): Curl global cleanup
